<?xml version="1.0" encoding="UTF-8"?>
<!-- Generated by org.testng.reporters.JUnitReportReporter -->
<testsuite hostname="ABHWSST010" failures="0" tests="3" name="com.pbo.derived.Market" time="0.015" errors="0" timestamp="2023-09-11T16:03:19 IST" skipped="0">
  <testcase classname="com.pbo.derived.Market" name="privatefree" time="0.010"/>
  <testcase classname="com.pbo.derived.Market" name="publicfree" time="0.003"/>
  <testcase classname="com.pbo.derived.Market" name="protectedfree" time="0.002"/>
</testsuite> <!-- com.pbo.derived.Market -->
