<?xml version="1.0" encoding="UTF-8"?>
<!-- Generated by org.testng.reporters.JUnitReportReporter -->
<testsuite hostname="ABHWSST010" failures="0" tests="1" name="com.pbo.utilities.Readexcel" time="1.126" errors="0" timestamp="2023-04-05T16:56:41 IST" skipped="0">
  <testcase classname="com.pbo.utilities.Readexcel" name="readExcel" time="1.126"/>
  <system-out/>
</testsuite> <!-- com.pbo.utilities.Readexcel -->
