<?xml version="1.0" encoding="UTF-8"?>
<!-- Generated by org.testng.reporters.JUnitReportReporter -->
<testsuite hostname="ABHWSST010" failures="0" tests="1" name="com.pbo.methods.Pdfpage" time="18.825" errors="0" timestamp="2023-03-30T10:08:47 IST" skipped="0">
  <testcase classname="com.pbo.methods.Pdfpage" name="pdf" time="18.825"/>
  <system-out/>
</testsuite> <!-- com.pbo.methods.Pdfpage -->
