<?xml version="1.0" encoding="UTF-8"?>
<!-- Generated by org.testng.reporters.JUnitReportReporter -->
<testsuite hostname="ABHWSST010" failures="0" tests="1" name="com.pbo.methods.Example" time="22.144" errors="0" timestamp="2024-04-02T17:25:56 IST" skipped="0">
  <testcase classname="com.pbo.methods.Example" name="Sample" time="22.144"/>
</testsuite> <!-- com.pbo.methods.Example -->
