<?xml version="1.0" encoding="UTF-8"?>
<!-- Generated by org.testng.reporters.JUnitReportReporter -->
<testsuite hostname="ABHWSST010" failures="0" tests="1" name="com.pbo.utilities.Excelreport" time="1.194" errors="0" timestamp="2023-04-04T18:29:05 IST" skipped="0">
  <testcase classname="com.pbo.utilities.Excelreport" name="createexcel" time="1.194"/>
  <system-out/>
</testsuite> <!-- com.pbo.utilities.Excelreport -->
