<?xml version="1.0" encoding="UTF-8"?>
<!-- Generated by org.testng.reporters.JUnitReportReporter -->
<testsuite hostname="ABHWSST010" failures="0" tests="1" name="com.pbo.datadriven.example" time="0.017" errors="0" timestamp="2023-05-18T12:21:33 IST" skipped="0">
  <testcase classname="com.pbo.datadriven.example" name="shob" time="0.017"/>
  <system-out/>
</testsuite> <!-- com.pbo.datadriven.example -->
