<?xml version="1.0" encoding="UTF-8"?>
<!-- Generated by org.testng.reporters.JUnitReportReporter -->
<testsuite hostname="ABHWSST010" failures="0" tests="1" name="com.pbo.datadriven.Dy_example" time="0.011" errors="0" timestamp="2023-04-10T11:02:09 IST" skipped="0">
  <testcase classname="com.pbo.datadriven.Dy_example" name="go" time="0.011"/>
  <system-out/>
</testsuite> <!-- com.pbo.datadriven.Dy_example -->
