<?xml version="1.0" encoding="UTF-8"?>
<!-- Generated by org.testng.reporters.JUnitReportReporter -->
<testsuite hostname="ABHWSST010" failures="0" tests="1" name="com.pbo.datadriven.Tesla" time="0.015" errors="0" timestamp="2023-07-26T15:57:30 IST" skipped="0">
  <testcase classname="com.pbo.datadriven.Tesla" name="ashwin" time="0.015"/>
</testsuite> <!-- com.pbo.datadriven.Tesla -->
